[2024-05-28 18:51:49] [ INFO ] [BD:29] tabla creada con exito
[2024-05-28 19:20:28] [ INFO ] [BD:29] tabla creada con exito
[2024-05-28 19:28:10] [ INFO ] [PacienteDAOH2:20] inciando las operaciones de guardado de : Jurany
[2024-05-28 19:28:10] [ INFO ] [DomicilioDAOH2:20] iniciando las operaciones de guardado de un domicilio con id: null
[2024-05-28 19:28:11] [ INFO ] [DomicilioDAOH2:34] domicilio guardado
[2024-05-28 19:28:11] [ ERROR] [PacienteDAOH2:42] Cannot invoke "java.time.LocalDate.getYear()" because "date" is null
[2024-05-28 19:32:57] [ INFO ] [PacienteDAOH2:20] inciando las operaciones de guardado de : Jurany
[2024-05-28 19:32:57] [ INFO ] [DomicilioDAOH2:20] iniciando las operaciones de guardado de un domicilio con id: null
[2024-05-28 19:32:57] [ INFO ] [DomicilioDAOH2:34] domicilio guardado
[2024-05-28 19:32:57] [ INFO ] [PacienteDAOH2:38] paciente guardado con exito
[2024-05-28 20:44:20] [ INFO ] [BD:34] tabla creada con exito
[2024-05-28 20:45:15] [ INFO ] [PacienteDAOH2:105] iniciando las operaciones de busqueda:
[2024-05-28 20:45:15] [ INFO ] [DomicilioDAOH2:45] iniciando la busqueda de un domicilio con id: 1
[2024-05-28 20:45:15] [ INFO ] [DomicilioDAOH2:45] iniciando la busqueda de un domicilio con id: 2
[2024-05-28 21:08:42] [ INFO ] [BD:34] tabla creada con exito
[2024-05-28 21:09:29] [ INFO ] [PacienteDAOH2:51] iniciando la operacion de buscado de un paciente con id : 4
[2024-05-28 21:09:34] [ INFO ] [PacienteDAOH2:51] iniciando la operacion de buscado de un paciente con id : 1
[2024-05-28 21:09:34] [ INFO ] [DomicilioDAOH2:45] iniciando la busqueda de un domicilio con id: 1
[2024-05-28 21:09:34] [ INFO ] [PacienteDAOH2:78] iniciando las operaciones de eliminación de un paciente con id: 1
[2024-05-28 21:09:41] [ INFO ] [PacienteDAOH2:118] iniciando las operaciones de busqueda:
[2024-05-28 21:09:41] [ INFO ] [DomicilioDAOH2:45] iniciando la busqueda de un domicilio con id: 2
[2024-05-28 21:33:09] [ INFO ] [BD:34] tabla creada con exito
[2024-05-28 21:33:43] [ INFO ] [PacienteDAOH2:51] iniciando la operacion de buscado de un paciente con id : 4
[2024-05-28 21:34:20] [ INFO ] [PacienteDAOH2:51] iniciando la operacion de buscado de un paciente con id : 2
[2024-05-28 21:34:20] [ INFO ] [DomicilioDAOH2:47] iniciando la busqueda de un domicilio con id: 2
[2024-05-28 21:34:20] [ INFO ] [PacienteDAOH2:78] iniciando las operaciones de eliminación de un paciente con id: 2
[2024-05-28 21:34:20] [ INFO ] [DomicilioDAOH2:67] iniciando las operaciones de eliminación de un Domicilio con id: 2
[2024-05-28 21:35:40] [ INFO ] [PacienteDAOH2:118] iniciando las operaciones de busqueda:
[2024-05-28 21:35:40] [ INFO ] [DomicilioDAOH2:47] iniciando la busqueda de un domicilio con id: 1
[2024-05-28 21:35:54] [ INFO ] [PacienteDAOH2:22] inciando las operaciones de guardado de : Jurany
[2024-05-28 21:35:54] [ INFO ] [DomicilioDAOH2:22] iniciando las operaciones de guardado de un domicilio con id: null
[2024-05-28 21:35:54] [ INFO ] [DomicilioDAOH2:36] domicilio guardado
[2024-05-28 21:35:54] [ INFO ] [PacienteDAOH2:40] paciente guardado con exito
[2024-05-28 21:37:01] [ INFO ] [PacienteDAOH2:118] iniciando las operaciones de busqueda:
[2024-05-28 21:37:01] [ INFO ] [DomicilioDAOH2:47] iniciando la busqueda de un domicilio con id: 1
[2024-05-28 21:37:01] [ INFO ] [DomicilioDAOH2:47] iniciando la busqueda de un domicilio con id: 3
[2024-05-28 21:38:37] [ INFO ] [PacienteDAOH2:51] iniciando la operacion de buscado de un paciente con id : 3
[2024-05-28 21:38:37] [ INFO ] [DomicilioDAOH2:47] iniciando la busqueda de un domicilio con id: 3
[2024-05-28 21:38:43] [ INFO ] [PacienteDAOH2:51] iniciando la operacion de buscado de un paciente con id : 3
[2024-05-28 21:38:43] [ INFO ] [DomicilioDAOH2:47] iniciando la busqueda de un domicilio con id: 3
[2024-05-28 21:38:43] [ INFO ] [PacienteDAOH2:78] iniciando las operaciones de eliminación de un paciente con id: 3
[2024-05-28 21:38:43] [ INFO ] [DomicilioDAOH2:67] iniciando las operaciones de eliminación de un Domicilio con id: 3
[2024-05-28 21:40:08] [ INFO ] [PacienteDAOH2:51] iniciando la operacion de buscado de un paciente con id : 3
[2024-05-28 21:40:15] [ INFO ] [PacienteDAOH2:51] iniciando la operacion de buscado de un paciente con id : 3
[2024-05-28 21:40:20] [ INFO ] [PacienteDAOH2:51] iniciando la operacion de buscado de un paciente con id : 2
[2024-05-28 21:40:32] [ INFO ] [PacienteDAOH2:118] iniciando las operaciones de busqueda:
[2024-05-28 21:40:32] [ INFO ] [DomicilioDAOH2:47] iniciando la busqueda de un domicilio con id: 1
[2024-05-28 21:40:41] [ INFO ] [PacienteDAOH2:51] iniciando la operacion de buscado de un paciente con id : 1
[2024-05-28 21:40:41] [ INFO ] [DomicilioDAOH2:47] iniciando la busqueda de un domicilio con id: 1
[2024-05-28 21:40:41] [ WARN ] [PacienteDAOH2:94] iniciando las operaciones de actualizacion de un paciente con id : 1
[2024-05-28 21:40:41] [ INFO ] [DomicilioDAOH2:81] iniciando la actualizacion del domicilio con id: 2
[2024-05-28 21:40:55] [ INFO ] [PacienteDAOH2:118] iniciando las operaciones de busqueda:
[2024-05-28 21:40:55] [ INFO ] [DomicilioDAOH2:47] iniciando la busqueda de un domicilio con id: 2
[2024-05-28 21:41:26] [ INFO ] [PacienteDAOH2:118] iniciando las operaciones de busqueda:
[2024-05-28 21:41:26] [ INFO ] [DomicilioDAOH2:47] iniciando la busqueda de un domicilio con id: 2
[2024-05-28 21:41:29] [ INFO ] [PacienteDAOH2:51] iniciando la operacion de buscado de un paciente con id : 1
[2024-05-28 21:41:29] [ INFO ] [DomicilioDAOH2:47] iniciando la busqueda de un domicilio con id: 2
[2024-05-28 21:41:29] [ WARN ] [PacienteDAOH2:94] iniciando las operaciones de actualizacion de un paciente con id : 1
[2024-05-28 21:41:29] [ INFO ] [DomicilioDAOH2:81] iniciando la actualizacion del domicilio con id: 1
[2024-05-28 21:41:35] [ INFO ] [PacienteDAOH2:118] iniciando las operaciones de busqueda:
[2024-05-28 21:41:35] [ INFO ] [DomicilioDAOH2:47] iniciando la busqueda de un domicilio con id: 1
[2024-05-28 21:42:06] [ INFO ] [PacienteDAOH2:51] iniciando la operacion de buscado de un paciente con id : 1
[2024-05-28 21:42:06] [ INFO ] [DomicilioDAOH2:47] iniciando la busqueda de un domicilio con id: 1
[2024-05-28 21:42:06] [ WARN ] [PacienteDAOH2:94] iniciando las operaciones de actualizacion de un paciente con id : 1
[2024-05-28 21:42:06] [ INFO ] [DomicilioDAOH2:81] iniciando la actualizacion del domicilio con id: 1
[2024-05-28 21:42:31] [ INFO ] [PacienteDAOH2:51] iniciando la operacion de buscado de un paciente con id : 1
[2024-05-28 21:42:31] [ INFO ] [DomicilioDAOH2:47] iniciando la busqueda de un domicilio con id: 1
[2024-05-28 21:42:31] [ INFO ] [PacienteDAOH2:78] iniciando las operaciones de eliminación de un paciente con id: 1
[2024-05-28 21:42:31] [ INFO ] [DomicilioDAOH2:67] iniciando las operaciones de eliminación de un Domicilio con id: 1
[2024-05-28 23:00:51] [ INFO ] [BD:34] tabla creada con exito
[2024-05-28 23:14:48] [ INFO ] [BD:34] tabla creada con exito
[2024-05-28 23:15:13] [ INFO ] [OdontologoDAOH2:46] iniciando la operacion de buscado de un odontologo con id: 1
[2024-05-28 23:15:29] [ INFO ] [OdontologoDAOH2:46] iniciando la operacion de buscado de un odontologo con id: 2
[2024-05-28 23:15:42] [ INFO ] [OdontologoDAOH2:101] iniciando las operaciones de:  listado de todos los odontologos
[2024-05-28 23:16:36] [ INFO ] [OdontologoDAOH2:24] iniciando las operaciones de: guardado de :  ABC14444
[2024-05-28 23:16:42] [ INFO ] [OdontologoDAOH2:101] iniciando las operaciones de:  listado de todos los odontologos
[2024-05-28 23:17:22] [ INFO ] [OdontologoDAOH2:46] iniciando la operacion de buscado de un odontologo con id: 3
[2024-05-28 23:17:22] [ INFO ] [OdontologoDAOH2:82] iniciando las operaciones de actualizacion de un odontologo con id: 3
[2024-05-28 23:17:31] [ INFO ] [OdontologoDAOH2:46] iniciando la operacion de buscado de un odontologo con id: 3
[2024-05-28 23:19:35] [ INFO ] [BD:34] tabla creada con exito
[2024-05-28 23:19:43] [ INFO ] [OdontologoDAOH2:46] iniciando la operacion de buscado de un odontologo con id: 3
[2024-05-28 23:19:56] [ INFO ] [OdontologoDAOH2:24] iniciando las operaciones de: guardado de :  Matricula
[2024-05-28 23:20:22] [ INFO ] [OdontologoDAOH2:46] iniciando la operacion de buscado de un odontologo con id: 3
[2024-05-28 23:20:22] [ INFO ] [OdontologoDAOH2:82] iniciando las operaciones de actualizacion de un odontologo con id: 3
[2024-05-28 23:20:29] [ INFO ] [OdontologoDAOH2:46] iniciando la operacion de buscado de un odontologo con id: 3
[2024-05-28 23:21:05] [ INFO ] [OdontologoDAOH2:46] iniciando la operacion de buscado de un odontologo con id: 3
[2024-05-28 23:21:05] [ INFO ] [OdontologoDAOH2:67] iniciando las operaciones de eliminación de un odontologo con id: 3
[2024-05-28 23:21:15] [ INFO ] [OdontologoDAOH2:101] iniciando las operaciones de:  listado de todos los odontologos
[2024-05-30 18:35:18] [ INFO ] [BD:34] tabla creada con exito
[2024-05-30 19:02:06] [ INFO ] [BD:34] tabla creada con exito
[2024-05-30 19:02:28] [ INFO ] [TurnoDAOLISTA:60] iniciando las operacion de mostrar todos los turnos
[2024-05-30 19:04:13] [ INFO ] [PacienteDAOH2:51] iniciando la operacion de buscado de un paciente con id : 1
[2024-05-30 19:04:13] [ INFO ] [DomicilioDAOH2:47] iniciando la busqueda de un domicilio con id: 1
[2024-05-30 19:04:13] [ INFO ] [OdontologoDAOH2:46] iniciando la operacion de buscado de un odontologo con id: 1
[2024-05-30 19:04:13] [ INFO ] [TurnoDAOLISTA:14] iniciando las operaciones de guardado de un turno
[2024-05-30 19:04:13] [ INFO ] [PacienteDAOH2:51] iniciando la operacion de buscado de un paciente con id : 1
[2024-05-30 19:04:13] [ INFO ] [DomicilioDAOH2:47] iniciando la busqueda de un domicilio con id: 1
[2024-05-30 19:04:13] [ INFO ] [OdontologoDAOH2:46] iniciando la operacion de buscado de un odontologo con id: 1
[2024-05-30 19:04:13] [ INFO ] [TurnoDAOLISTA:20] turno guardado con exito
[2024-05-30 19:04:22] [ INFO ] [TurnoDAOLISTA:60] iniciando las operacion de mostrar todos los turnos
[2024-05-30 19:04:44] [ INFO ] [TurnoDAOLISTA:60] iniciando las operacion de mostrar todos los turnos
[2024-05-30 19:09:12] [ INFO ] [BD:34] tabla creada con exito
[2024-05-30 19:13:59] [ INFO ] [BD:34] tabla creada con exito
[2024-05-30 19:14:15] [ INFO ] [TurnoDAOLISTA:64] iniciando las operacion de mostrar todos los turnos
[2024-05-30 19:14:26] [ INFO ] [TurnoDAOLISTA:64] iniciando las operacion de mostrar todos los turnos
[2024-05-30 19:14:29] [ INFO ] [PacienteDAOH2:51] iniciando la operacion de buscado de un paciente con id : 1
[2024-05-30 19:14:29] [ INFO ] [DomicilioDAOH2:47] iniciando la busqueda de un domicilio con id: 1
[2024-05-30 19:14:29] [ INFO ] [OdontologoDAOH2:46] iniciando la operacion de buscado de un odontologo con id: 1
[2024-05-30 19:14:29] [ INFO ] [TurnoDAOLISTA:14] iniciando las operaciones de guardado de un turno
[2024-05-30 19:14:29] [ INFO ] [PacienteDAOH2:51] iniciando la operacion de buscado de un paciente con id : 1
[2024-05-30 19:14:29] [ INFO ] [DomicilioDAOH2:47] iniciando la busqueda de un domicilio con id: 1
[2024-05-30 19:14:29] [ INFO ] [OdontologoDAOH2:46] iniciando la operacion de buscado de un odontologo con id: 1
[2024-05-30 19:14:29] [ INFO ] [TurnoDAOLISTA:20] turno guardado con exito
[2024-05-30 19:14:38] [ INFO ] [PacienteDAOH2:51] iniciando la operacion de buscado de un paciente con id : 2
[2024-05-30 19:14:38] [ INFO ] [DomicilioDAOH2:47] iniciando la busqueda de un domicilio con id: 2
[2024-05-30 19:14:38] [ INFO ] [OdontologoDAOH2:46] iniciando la operacion de buscado de un odontologo con id: 2
[2024-05-30 19:14:42] [ INFO ] [TurnoDAOLISTA:64] iniciando las operacion de mostrar todos los turnos
[2024-05-30 19:16:13] [ INFO ] [PacienteDAOH2:51] iniciando la operacion de buscado de un paciente con id : 1
[2024-05-30 19:16:13] [ INFO ] [DomicilioDAOH2:47] iniciando la busqueda de un domicilio con id: 1
[2024-05-30 19:16:13] [ INFO ] [OdontologoDAOH2:46] iniciando la operacion de buscado de un odontologo con id: 1
[2024-05-30 19:16:13] [ INFO ] [TurnoDAOLISTA:14] iniciando las operaciones de guardado de un turno
[2024-05-30 19:16:13] [ INFO ] [PacienteDAOH2:51] iniciando la operacion de buscado de un paciente con id : 1
[2024-05-30 19:16:13] [ INFO ] [DomicilioDAOH2:47] iniciando la busqueda de un domicilio con id: 1
[2024-05-30 19:16:13] [ INFO ] [OdontologoDAOH2:46] iniciando la operacion de buscado de un odontologo con id: 1
[2024-05-30 19:16:13] [ INFO ] [TurnoDAOLISTA:20] turno guardado con exito
[2024-05-30 19:16:52] [ INFO ] [TurnoDAOLISTA:64] iniciando las operacion de mostrar todos los turnos
[2024-05-30 19:17:27] [ INFO ] [TurnoDAOLISTA:39] iniciando las operaciones de eliminar un turno: 1
[2024-05-30 19:17:32] [ INFO ] [TurnoDAOLISTA:64] iniciando las operacion de mostrar todos los turnos
[2024-05-30 20:14:22] [ INFO ] [BD:34] tabla creada con exito
[2024-05-30 20:14:49] [ INFO ] [OdontologoDAOH2:101] iniciando las operaciones de:  listado de todos los odontologos
[2024-05-30 20:17:16] [ INFO ] [BD:34] tabla creada con exito
[2024-05-30 20:17:34] [ INFO ] [OdontologoDAOH2:101] iniciando las operaciones de:  listado de todos los odontologos
[2024-05-30 20:20:29] [ INFO ] [BD:34] tabla creada con exito
[2024-05-30 20:20:37] [ INFO ] [OdontologoDAOH2:101] iniciando las operaciones de:  listado de todos los odontologos
[2024-05-30 20:40:13] [ INFO ] [BD:34] tabla creada con exito
[2024-05-30 20:40:39] [ INFO ] [OdontologoDAOH2:101] iniciando las operaciones de:  listado de todos los odontologos
[2024-05-30 20:42:02] [ INFO ] [BD:34] tabla creada con exito
[2024-05-30 20:42:20] [ INFO ] [OdontologoDAOH2:101] iniciando las operaciones de:  listado de todos los odontologos
[2024-05-30 20:42:25] [ INFO ] [OdontologoDAOH2:46] iniciando la operacion de buscado de un odontologo con id: 1
[2024-05-30 20:42:30] [ INFO ] [OdontologoDAOH2:46] iniciando la operacion de buscado de un odontologo con id: 2
[2024-05-30 20:42:32] [ INFO ] [OdontologoDAOH2:46] iniciando la operacion de buscado de un odontologo con id: 1
[2024-05-30 20:42:51] [ INFO ] [OdontologoDAOH2:46] iniciando la operacion de buscado de un odontologo con id: 1
[2024-05-30 20:42:51] [ INFO ] [OdontologoDAOH2:101] iniciando las operaciones de:  listado de todos los odontologos
[2024-05-30 20:42:51] [ INFO ] [OdontologoDAOH2:82] iniciando las operaciones de actualizacion de un odontologo con id: 1
[2024-05-30 20:42:56] [ INFO ] [OdontologoDAOH2:46] iniciando la operacion de buscado de un odontologo con id: 2
[2024-05-30 20:42:59] [ INFO ] [OdontologoDAOH2:46] iniciando la operacion de buscado de un odontologo con id: 2
[2024-05-30 20:42:59] [ INFO ] [OdontologoDAOH2:82] iniciando las operaciones de actualizacion de un odontologo con id: 2
[2024-05-30 20:43:00] [ INFO ] [OdontologoDAOH2:101] iniciando las operaciones de:  listado de todos los odontologos
[2024-05-30 20:43:18] [ INFO ] [OdontologoDAOH2:46] iniciando la operacion de buscado de un odontologo con id: 1
[2024-05-30 20:43:38] [ INFO ] [OdontologoDAOH2:46] iniciando la operacion de buscado de un odontologo con id: 1
[2024-05-30 20:43:38] [ INFO ] [OdontologoDAOH2:82] iniciando las operaciones de actualizacion de un odontologo con id: 1
[2024-05-30 20:43:38] [ INFO ] [OdontologoDAOH2:101] iniciando las operaciones de:  listado de todos los odontologos
[2024-05-30 20:43:49] [ INFO ] [OdontologoDAOH2:46] iniciando la operacion de buscado de un odontologo con id: 2
[2024-05-30 20:43:49] [ INFO ] [OdontologoDAOH2:67] iniciando las operaciones de eliminación de un odontologo con id: 2
[2024-05-30 20:44:25] [ INFO ] [OdontologoDAOH2:46] iniciando la operacion de buscado de un odontologo con id: 2
[2024-05-30 20:47:57] [ INFO ] [BD:34] tabla creada con exito
[2024-05-30 20:48:04] [ INFO ] [OdontologoDAOH2:101] iniciando las operaciones de:  listado de todos los odontologos
[2024-05-30 20:48:45] [ INFO ] [BD:34] tabla creada con exito
[2024-05-30 20:49:11] [ INFO ] [BD:34] tabla creada con exito
[2024-05-30 20:49:38] [ INFO ] [OdontologoDAOH2:101] iniciando las operaciones de:  listado de todos los odontologos
[2024-05-30 20:49:44] [ INFO ] [OdontologoDAOH2:46] iniciando la operacion de buscado de un odontologo con id: 1
[2024-05-30 20:49:44] [ INFO ] [OdontologoDAOH2:67] iniciando las operaciones de eliminación de un odontologo con id: 1
[2024-05-30 20:49:45] [ INFO ] [OdontologoDAOH2:46] iniciando la operacion de buscado de un odontologo con id: 2
[2024-05-30 20:49:45] [ INFO ] [OdontologoDAOH2:67] iniciando las operaciones de eliminación de un odontologo con id: 2
[2024-05-30 20:49:48] [ INFO ] [OdontologoDAOH2:101] iniciando las operaciones de:  listado de todos los odontologos
[2024-05-30 20:49:50] [ INFO ] [OdontologoDAOH2:101] iniciando las operaciones de:  listado de todos los odontologos
[2024-05-30 20:57:21] [ INFO ] [BD:34] tabla creada con exito
[2024-05-30 20:57:32] [ INFO ] [OdontologoDAOH2:101] iniciando las operaciones de:  listado de todos los odontologos
[2024-05-30 20:57:34] [ INFO ] [OdontologoDAOH2:46] iniciando la operacion de buscado de un odontologo con id: 1
[2024-05-30 20:57:36] [ INFO ] [OdontologoDAOH2:101] iniciando las operaciones de:  listado de todos los odontologos
[2024-05-30 20:57:37] [ INFO ] [OdontologoDAOH2:46] iniciando la operacion de buscado de un odontologo con id: 1
[2024-05-30 20:57:37] [ INFO ] [OdontologoDAOH2:82] iniciando las operaciones de actualizacion de un odontologo con id: 1
[2024-05-30 20:57:38] [ INFO ] [OdontologoDAOH2:46] iniciando la operacion de buscado de un odontologo con id: 1
[2024-05-30 20:57:38] [ INFO ] [OdontologoDAOH2:67] iniciando las operaciones de eliminación de un odontologo con id: 1
[2024-05-30 20:57:40] [ INFO ] [OdontologoDAOH2:46] iniciando la operacion de buscado de un odontologo con id: 2
[2024-05-30 20:57:40] [ INFO ] [OdontologoDAOH2:67] iniciando las operaciones de eliminación de un odontologo con id: 2
[2024-05-30 20:57:41] [ INFO ] [OdontologoDAOH2:101] iniciando las operaciones de:  listado de todos los odontologos
[2024-05-30 20:58:15] [ INFO ] [OdontologoDAOH2:101] iniciando las operaciones de:  listado de todos los odontologos
[2024-05-30 20:58:23] [ INFO ] [BD:34] tabla creada con exito
[2024-05-30 20:59:32] [ INFO ] [OdontologoDAOH2:101] iniciando las operaciones de:  listado de todos los odontologos
[2024-05-30 21:00:15] [ INFO ] [BD:34] tabla creada con exito
[2024-05-30 21:00:23] [ INFO ] [OdontologoDAOH2:101] iniciando las operaciones de:  listado de todos los odontologos
[2024-05-30 21:00:33] [ INFO ] [OdontologoDAOH2:46] iniciando la operacion de buscado de un odontologo con id: 1
[2024-05-30 21:11:55] [ INFO ] [BD:34] tabla creada con exito
[2024-05-30 21:12:06] [ INFO ] [OdontologoDAOH2:101] iniciando las operaciones de:  listado de todos los odontologos
[2024-05-30 21:12:07] [ INFO ] [OdontologoDAOH2:46] iniciando la operacion de buscado de un odontologo con id: 1
[2024-05-30 21:12:09] [ INFO ] [OdontologoDAOH2:46] iniciando la operacion de buscado de un odontologo con id: 1
[2024-05-30 21:12:10] [ INFO ] [OdontologoDAOH2:46] iniciando la operacion de buscado de un odontologo con id: 1
[2024-05-30 21:12:10] [ INFO ] [OdontologoDAOH2:46] iniciando la operacion de buscado de un odontologo con id: 1
[2024-05-30 21:12:10] [ INFO ] [OdontologoDAOH2:46] iniciando la operacion de buscado de un odontologo con id: 1
[2024-05-30 21:12:56] [ INFO ] [BD:34] tabla creada con exito
[2024-05-30 21:13:03] [ INFO ] [OdontologoDAOH2:46] iniciando la operacion de buscado de un odontologo con id: 1
[2024-05-30 21:13:03] [ INFO ] [OdontologoDAOH2:46] iniciando la operacion de buscado de un odontologo con id: 1
[2024-05-30 21:13:13] [ INFO ] [OdontologoDAOH2:101] iniciando las operaciones de:  listado de todos los odontologos
[2024-05-30 21:13:14] [ INFO ] [OdontologoDAOH2:46] iniciando la operacion de buscado de un odontologo con id: 1
[2024-05-30 21:13:35] [ INFO ] [BD:34] tabla creada con exito
[2024-05-30 21:14:31] [ INFO ] [BD:34] tabla creada con exito
[2024-05-30 21:14:39] [ INFO ] [OdontologoDAOH2:101] iniciando las operaciones de:  listado de todos los odontologos
[2024-05-30 21:14:40] [ INFO ] [OdontologoDAOH2:46] iniciando la operacion de buscado de un odontologo con id: 1
[2024-05-30 21:17:14] [ INFO ] [BD:34] tabla creada con exito
[2024-05-30 21:17:26] [ INFO ] [OdontologoDAOH2:101] iniciando las operaciones de:  listado de todos los odontologos
[2024-05-30 21:17:28] [ INFO ] [OdontologoDAOH2:46] iniciando la operacion de buscado de un odontologo con id: 1
[2024-05-30 21:18:29] [ INFO ] [BD:34] tabla creada con exito
[2024-05-30 21:18:39] [ INFO ] [OdontologoDAOH2:101] iniciando las operaciones de:  listado de todos los odontologos
[2024-05-30 21:18:40] [ INFO ] [OdontologoDAOH2:46] iniciando la operacion de buscado de un odontologo con id: 1
[2024-05-30 21:19:50] [ INFO ] [BD:34] tabla creada con exito
[2024-05-30 21:20:14] [ INFO ] [BD:34] tabla creada con exito
[2024-05-30 21:20:21] [ INFO ] [OdontologoDAOH2:101] iniciando las operaciones de:  listado de todos los odontologos
[2024-05-30 21:20:23] [ INFO ] [OdontologoDAOH2:46] iniciando la operacion de buscado de un odontologo con id: 1
[2024-05-30 21:21:07] [ INFO ] [BD:34] tabla creada con exito
[2024-05-30 21:21:14] [ INFO ] [OdontologoDAOH2:101] iniciando las operaciones de:  listado de todos los odontologos
[2024-05-30 21:21:15] [ INFO ] [OdontologoDAOH2:46] iniciando la operacion de buscado de un odontologo con id: 1
[2024-05-30 21:21:27] [ INFO ] [OdontologoDAOH2:101] iniciando las operaciones de:  listado de todos los odontologos
[2024-05-30 21:21:27] [ INFO ] [OdontologoDAOH2:46] iniciando la operacion de buscado de un odontologo con id: 1
[2024-05-30 21:21:27] [ INFO ] [OdontologoDAOH2:82] iniciando las operaciones de actualizacion de un odontologo con id: 1
[2024-05-30 21:21:32] [ INFO ] [OdontologoDAOH2:101] iniciando las operaciones de:  listado de todos los odontologos
[2024-05-30 21:22:14] [ INFO ] [OdontologoDAOH2:101] iniciando las operaciones de:  listado de todos los odontologos
[2024-05-30 21:22:15] [ INFO ] [OdontologoDAOH2:46] iniciando la operacion de buscado de un odontologo con id: 1
[2024-05-30 21:22:20] [ INFO ] [OdontologoDAOH2:46] iniciando la operacion de buscado de un odontologo con id: 1
[2024-05-30 21:22:20] [ INFO ] [OdontologoDAOH2:82] iniciando las operaciones de actualizacion de un odontologo con id: 1
[2024-05-30 21:22:20] [ INFO ] [OdontologoDAOH2:101] iniciando las operaciones de:  listado de todos los odontologos
[2024-05-30 21:22:22] [ INFO ] [OdontologoDAOH2:46] iniciando la operacion de buscado de un odontologo con id: 1
[2024-05-30 21:22:27] [ INFO ] [OdontologoDAOH2:46] iniciando la operacion de buscado de un odontologo con id: 1
[2024-05-30 21:22:27] [ INFO ] [OdontologoDAOH2:82] iniciando las operaciones de actualizacion de un odontologo con id: 1
[2024-05-30 21:22:28] [ INFO ] [OdontologoDAOH2:101] iniciando las operaciones de:  listado de todos los odontologos
[2024-05-30 21:22:29] [ INFO ] [OdontologoDAOH2:46] iniciando la operacion de buscado de un odontologo con id: 1
[2024-05-30 21:22:39] [ INFO ] [OdontologoDAOH2:46] iniciando la operacion de buscado de un odontologo con id: 1
[2024-05-30 21:22:39] [ INFO ] [OdontologoDAOH2:82] iniciando las operaciones de actualizacion de un odontologo con id: 1
[2024-05-30 21:22:39] [ INFO ] [OdontologoDAOH2:101] iniciando las operaciones de:  listado de todos los odontologos
[2024-05-30 21:22:46] [ INFO ] [OdontologoDAOH2:46] iniciando la operacion de buscado de un odontologo con id: 1
[2024-05-30 21:22:48] [ INFO ] [OdontologoDAOH2:46] iniciando la operacion de buscado de un odontologo con id: 1
[2024-05-30 21:22:48] [ INFO ] [OdontologoDAOH2:67] iniciando las operaciones de eliminación de un odontologo con id: 1
[2024-05-30 21:22:50] [ INFO ] [OdontologoDAOH2:101] iniciando las operaciones de:  listado de todos los odontologos
[2024-05-30 21:23:28] [ INFO ] [BD:34] tabla creada con exito
[2024-05-30 21:24:02] [ INFO ] [OdontologoDAOH2:101] iniciando las operaciones de:  listado de todos los odontologos
[2024-05-30 21:24:05] [ INFO ] [OdontologoDAOH2:46] iniciando la operacion de buscado de un odontologo con id: 2
[2024-05-30 21:30:20] [ INFO ] [OdontologoDAOH2:101] iniciando las operaciones de:  listado de todos los odontologos
[2024-05-30 21:30:23] [ INFO ] [OdontologoDAOH2:46] iniciando la operacion de buscado de un odontologo con id: 1
[2024-05-30 21:30:59] [ INFO ] [OdontologoDAOH2:101] iniciando las operaciones de:  listado de todos los odontologos
[2024-05-30 21:31:02] [ INFO ] [OdontologoDAOH2:46] iniciando la operacion de buscado de un odontologo con id: 1
[2024-05-30 21:31:06] [ INFO ] [OdontologoDAOH2:101] iniciando las operaciones de:  listado de todos los odontologos
[2024-05-30 21:31:06] [ INFO ] [OdontologoDAOH2:46] iniciando la operacion de buscado de un odontologo con id: 1
[2024-05-30 21:31:06] [ INFO ] [OdontologoDAOH2:82] iniciando las operaciones de actualizacion de un odontologo con id: 1
[2024-05-30 21:31:08] [ INFO ] [OdontologoDAOH2:101] iniciando las operaciones de:  listado de todos los odontologos
[2024-05-30 21:31:10] [ INFO ] [OdontologoDAOH2:46] iniciando la operacion de buscado de un odontologo con id: 1
[2024-05-30 21:31:15] [ INFO ] [OdontologoDAOH2:46] iniciando la operacion de buscado de un odontologo con id: 1
[2024-05-30 21:31:15] [ INFO ] [OdontologoDAOH2:82] iniciando las operaciones de actualizacion de un odontologo con id: 1
[2024-05-30 21:31:16] [ INFO ] [OdontologoDAOH2:101] iniciando las operaciones de:  listado de todos los odontologos
